This is pdfTeX, Version 3.1415926-1.40.11 (TeX Live 2010) (format=latex 2012.2.21)  3 MAY 2012 17:27
entering extended mode
 restricted \write18 enabled.
 %&-line parsing enabled.
**abstract.tex
(./abstract.tex
LaTeX2e <2009/09/24>
Babel <v3.8l> and hyphenation patterns for english, dumylang, nohyphenation, pi
nyin, bulgarian, russian, ukrainian, loaded.
(/usr/share/texmf-dist/tex/latex/base/article.cls
Document Class: article 2007/10/19 v1.4h Standard LaTeX document class
(/usr/share/texmf-dist/tex/latex/base/size10.clo
File: size10.clo 2007/10/19 v1.4h Standard LaTeX file (size option)
)
\c@part=\count79
\c@section=\count80
\c@subsection=\count81
\c@subsubsection=\count82
\c@paragraph=\count83
\c@subparagraph=\count84
\c@figure=\count85
\c@table=\count86
\abovecaptionskip=\skip41
\belowcaptionskip=\skip42
\bibindent=\dimen102
)
No file abstract.aux.
\openout1 = `abstract.aux'.

LaTeX Font Info:    Checking defaults for OML/cmm/m/it on input line 9.
LaTeX Font Info:    ... okay on input line 9.
LaTeX Font Info:    Checking defaults for T1/cmr/m/n on input line 9.
LaTeX Font Info:    ... okay on input line 9.
LaTeX Font Info:    Checking defaults for OT1/cmr/m/n on input line 9.
LaTeX Font Info:    ... okay on input line 9.
LaTeX Font Info:    Checking defaults for OMS/cmsy/m/n on input line 9.
LaTeX Font Info:    ... okay on input line 9.
LaTeX Font Info:    Checking defaults for OMX/cmex/m/n on input line 9.
LaTeX Font Info:    ... okay on input line 9.
LaTeX Font Info:    Checking defaults for U/cmr/m/n on input line 9.
LaTeX Font Info:    ... okay on input line 9.
Missing character: There is no Ë in font cmr9!
Missing character: There is no Æ in font cmr9!
Missing character: There is no ∫ in font cmr9!
Missing character: There is no Ê in font cmr9!
Missing character: There is no ñ in font cmr9!
Missing character: There is no á in font cmr9!
Missing character: There is no Á in font cmr9!
Missing character: There is no ö in font cmr9!
Missing character: There is no Ñ in font cmr9!
Missing character: There is no Ê in font cmr9!
Missing character: There is no ë in font cmr9!
Missing character: There is no ò in font cmr9!
Missing character: There is no Ë in font cmr9!
Missing character: There is no ¶ in font cmr9!
Missing character: There is no Å in font cmr9!
Missing character: There is no Ê in font cmr9!
Missing character: There is no ò in font cmr9!
Missing character: There is no Ø in font cmr9!
Missing character: There is no Â in font cmr9!
Missing character: There is no Ø in font cmr9!
Missing character: There is no π in font cmr9!
Missing character: There is no Ë in font cmr9!
Missing character: There is no Æ in font cmr9!
Missing character: There is no ∫ in font cmr9!
Missing character: There is no Ê in font cmr9!
Missing character: There is no ñ in font cmr9!
Missing character: There is no á in font cmr9!
Missing character: There is no Á in font cmr9!
Missing character: There is no † in font cmr9!
Missing character: There is no î in font cmr9!
Missing character: There is no Á in font cmr9!
Missing character: There is no © in font cmr9!
Missing character: There is no ∂ in font cmr9!
Missing character: There is no Â in font cmr9!
Missing character: There is no Ü in font cmr9!
Missing character: There is no Ö in font cmr9!
Missing character: There is no Â in font cmr9!
Missing character: There is no Æ in font cmr9!
Missing character: There is no π in font cmr9!
Missing character: There is no Â in font cmr9!
Missing character: There is no í in font cmr9!
Missing character: There is no å in font cmr9!
Missing character: There is no Ê in font cmr9!
Missing character: There is no à in font cmr9!
Missing character: There is no ê in font cmr9!
Missing character: There is no Ê in font cmr9!
Missing character: There is no û in font cmr9!
Missing character: There is no ú in font cmr9!
Missing character: There is no Á in font cmr9!
Missing character: There is no ö in font cmr9!
Missing character: There is no Ñ in font cmr9!
Missing character: There is no È in font cmr9!
Missing character: There is no ´ in font cmr9!
Missing character: There is no ò in font cmr9!
Missing character: There is no Â in font cmr9!
Missing character: There is no ∫ in font cmr9!
Missing character: There is no ¶ in font cmr9!
Missing character: There is no Ê in font cmr9!
Missing character: There is no ¶ in font cmr9!
Missing character: There is no Ç in font cmr9!
Missing character: There is no Ê in font cmr9!
Missing character: There is no ã in font cmr9!
Missing character: There is no ¨ in font cmr9!
Missing character: There is no „ in font cmr9!
Missing character: There is no Ä in font cmr9!
Missing character: There is no Ç in font cmr9!
Missing character: There is no Ê in font cmr9!
Missing character: There is no ë in font cmr9!
Missing character: There is no ò in font cmr9!
Missing character: There is no Ë in font cmr9!
Missing character: There is no ¶ in font cmr9!
Missing character: There is no Å in font cmr9!
Missing character: There is no Â in font cmr9!
Missing character: There is no ∫ in font cmr9!
Missing character: There is no î in font cmr9!
Missing character: There is no Â in font cmr9!
Missing character: There is no Ø in font cmr9!
Missing character: There is no π in font cmr9!
Missing character: There is no Ë in font cmr9!
Missing character: There is no Æ in font cmr9!
Missing character: There is no ∫ in font cmr9!
Missing character: There is no Ê in font cmr9!
Missing character: There is no ñ in font cmr9!
Missing character: There is no á in font cmr9!
Missing character: There is no Ê in font cmr9!
Missing character: There is no â in font cmr9!
Missing character: There is no Ä in font cmr9!
Missing character: There is no Á in font cmr9!
Missing character: There is no † in font cmr9!
Missing character: There is no î in font cmr9!
Missing character: There is no Á in font cmr9!
Missing character: There is no © in font cmr9!
Missing character: There is no ∂ in font cmr9!
Missing character: There is no Á in font cmr9!
Missing character: There is no ö in font cmr9!
Missing character: There is no Ñ in font cmr9!
Missing character: There is no È in font cmr9!
Missing character: There is no ó in font cmr9!
Missing character: There is no Æ in font cmr9!
Missing character: There is no È in font cmr9!
Missing character: There is no ¢ in font cmr9!
Missing character: There is no ò in font cmr9!
Missing character: There is no Â in font cmr9!
Missing character: There is no è in font cmr9!
Missing character: There is no ä in font cmr9!
Missing character: There is no Â in font cmr9!
Missing character: There is no Ö in font cmr9!
Missing character: There is no ∂ in font cmr9!
Missing character: There is no Á in font cmr9!
Missing character: There is no † in font cmr9!
Missing character: There is no î in font cmr9!
Missing character: There is no Á in font cmr9!
Missing character: There is no © in font cmr9!
Missing character: There is no ∂ in font cmr9!
Missing character: There is no Á in font cmr9!
Missing character: There is no õ in font cmr9!
Missing character: There is no Æ in font cmr9!
Missing character: There is no Á in font cmr9!
Missing character: There is no ö in font cmr9!
Missing character: There is no Ñ in font cmr9!
Missing character: There is no Ë in font cmr9!
Missing character: There is no ø in font cmr9!
Missing character: There is no õ in font cmr9!
Missing character: There is no Ë in font cmr9!
Missing character: There is no ° in font cmr9!
Missing character: There is no å in font cmr9!
Missing character: There is no Ê in font cmr9!
Missing character: There is no è in font cmr9!
Missing character: There is no è in font cmr9!
Missing character: There is no Ë in font cmr9!
Missing character: There is no ø in font cmr9!
Missing character: There is no ∞ in font cmr9!
Missing character: There is no Ô in font cmr9!
Missing character: There is no º in font cmr9!
Missing character: There is no å in font cmr9!
Missing character: There is no Â in font cmr9!
Missing character: There is no Ø in font cmr9!
Missing character: There is no π in font cmr9!
Missing character: There is no Á in font cmr9!
Missing character: There is no † in font cmr9!
Missing character: There is no î in font cmr9!
Missing character: There is no Á in font cmr9!
Missing character: There is no © in font cmr9!
Missing character: There is no ∂ in font cmr9!
Missing character: There is no Ê in font cmr9!
Missing character: There is no ñ in font cmr9!
Missing character: There is no π in font cmr9!
Missing character: There is no Ê in font cmr9!
Missing character: There is no ≥ in font cmr9!
Missing character: There is no ï in font cmr9!
Missing character: There is no Â in font cmr9!
Missing character: There is no í in font cmr9!
Missing character: There is no å in font cmr9!
Missing character: There is no Ë in font cmr9!
Missing character: There is no ø in font cmr9!
Missing character: There is no á in font cmr9!
Missing character: There is no Á in font cmr9!
Missing character: There is no ® in font cmr9!
Missing character: There is no ã in font cmr9!
Missing character: There is no Ë in font cmr9!
Missing character: There is no ø in font cmr9!
Missing character: There is no õ in font cmr9!
Missing character: There is no Ë in font cmr9!
Missing character: There is no ° in font cmr9!
Missing character: There is no å in font cmr9!
Missing character: There is no Á in font cmr9!
Missing character: There is no Æ in font cmr9!
Missing character: There is no Ä in font cmr9!
Missing character: There is no Â in font cmr9!
Missing character: There is no ç in font cmr9!
Missing character: There is no ï in font cmr9!
Missing character: There is no ‰ in font cmr9!
Missing character: There is no ª in font cmr9!
Missing character: There is no ã in font cmr9!
Missing character: There is no Á in font cmr9!
Missing character: There is no ª in font cmr9!
Missing character: There is no ç in font cmr9!
Missing character: There is no Ô in font cmr9!
Missing character: There is no º in font cmr9!
Missing character: There is no å in font cmr9!
Missing character: There is no Â in font cmr9!
Missing character: There is no Ø in font cmr9!
Missing character: There is no π in font cmr9!
Missing character: There is no Á in font cmr9!
Missing character: There is no † in font cmr9!
Missing character: There is no î in font cmr9!
Missing character: There is no Á in font cmr9!
Missing character: There is no © in font cmr9!
Missing character: There is no ∂ in font cmr9!
Missing character: There is no Ê in font cmr9!
Missing character: There is no à in font cmr9!
Missing character: There is no ê in font cmr9!
Missing character: There is no Ê in font cmr9!
Missing character: There is no û in font cmr9!
Missing character: There is no ú in font cmr9!
Missing character: There is no Â in font cmr9!
Missing character: There is no í in font cmr9!
Missing character: There is no å in font cmr9!
Missing character: There is no Ê in font cmr9!
Missing character: There is no â in font cmr9!
Missing character: There is no Ä in font cmr9!
Missing character: There is no Â in font cmr9!
Missing character: There is no æ in font cmr9!
Missing character: There is no ó in font cmr9!
Missing character: There is no Á in font cmr9!
Missing character: There is no ª in font cmr9!
Missing character: There is no ì in font cmr9!
Missing character: There is no Ë in font cmr9!
Missing character: There is no Æ in font cmr9!
Missing character: There is no ∫ in font cmr9!
Missing character: There is no Ë in font cmr9!
Missing character: There is no ø in font cmr9!
Missing character: There is no õ in font cmr9!
Missing character: There is no Ë in font cmr9!
Missing character: There is no ° in font cmr9!
Missing character: There is no å in font cmr9!
Missing character: There is no Ê in font cmr9!
Missing character: There is no ¶ in font cmr9!
Missing character: There is no Ç in font cmr9!
Missing character: There is no Ê in font cmr9!
Missing character: There is no ã in font cmr9!
Missing character: There is no ¨ in font cmr9!
Missing character: There is no „ in font cmr9!
Missing character: There is no Ä in font cmr9!
Missing character: There is no Ç in font cmr9!
Missing character: There is no Ê in font cmr9!
Missing character: There is no ë in font cmr9!
Missing character: There is no ò in font cmr9!
Missing character: There is no Ë in font cmr9!
Missing character: There is no ¶ in font cmr9!
Missing character: There is no Å in font cmr9!
Missing character: There is no Â in font cmr9!
Missing character: There is no ∫ in font cmr9!
Missing character: There is no î in font cmr9!
Missing character: There is no Â in font cmr9!
Missing character: There is no Ö in font cmr9!
Missing character: There is no ∑ in font cmr9!
Missing character: There is no Ê in font cmr9!
Missing character: There is no ú in font cmr9!
Missing character: There is no â in font cmr9!
Missing character: There is no Á in font cmr9!
Missing character: There is no ã in font cmr9!
Missing character: There is no ¨ in font cmr9!
Missing character: There is no Á in font cmr9!
Missing character: There is no ´ in font cmr9!
Missing character: There is no ã in font cmr9!
Missing character: There is no Ê in font cmr9!
Missing character: There is no Ä in font cmr9!
Missing character: There is no ß in font cmr9!
Missing character: There is no Â in font cmr9!
Missing character: There is no í in font cmr9!
Missing character: There is no å in font cmr9!
Missing character: There is no Ë in font cmr9!
Missing character: There is no á in font cmr9!
Missing character: There is no ™ in font cmr9!
Missing character: There is no Ê in font cmr9!
Missing character: There is no ò in font cmr9!
Missing character: There is no é in font cmr9!
Missing character: There is no Ê in font cmr9!
Missing character: There is no Ä in font cmr9!
Missing character: There is no ß in font cmr9!
Missing character: There is no Ô in font cmr9!
Missing character: There is no º in font cmr9!
Missing character: There is no å in font cmr9!
Missing character: There is no Â in font cmr9!
Missing character: There is no Ö in font cmr9!
Missing character: There is no ∂ in font cmr9!
Missing character: There is no Â in font cmr9!
Missing character: There is no Ü in font cmr9!
Missing character: There is no Ö in font cmr9!
Missing character: There is no Â in font cmr9!
Missing character: There is no Æ in font cmr9!
Missing character: There is no π in font cmr9!
Missing character: There is no Â in font cmr9!
Missing character: There is no ∫ in font cmr9!
Missing character: There is no î in font cmr9!
Missing character: There is no Â in font cmr9!
Missing character: There is no å in font cmr9!
Missing character: There is no Ö in font cmr9!
Missing character: There is no Â in font cmr9!
Missing character: There is no ê in font cmr9!
Missing character: There is no ´ in font cmr9!
Missing character: There is no ‰ in font cmr9!
Missing character: There is no ∏ in font cmr9!
Missing character: There is no é in font cmr9!
Missing character: There is no Ë in font cmr9!
Missing character: There is no Æ in font cmr9!
Missing character: There is no ∫ in font cmr9!
Missing character: There is no Ê in font cmr9!
Missing character: There is no ñ in font cmr9!
Missing character: There is no á in font cmr9!
Missing character: There is no Â in font cmr9!
Missing character: There is no Ö in font cmr9!
Missing character: There is no ® in font cmr9!
Missing character: There is no Ê in font cmr9!
Missing character: There is no ñ in font cmr9!
Missing character: There is no á in font cmr9!
Missing character: There is no Â in font cmr9!
Missing character: There is no ê in font cmr9!
Missing character: There is no å in font cmr9!
Missing character: There is no Á in font cmr9!
Missing character: There is no ≠ in font cmr9!
Missing character: There is no â in font cmr9!
Missing character: There is no È in font cmr9!
Missing character: There is no á in font cmr9!
Missing character: There is no è in font cmr9!
Missing character: There is no Á in font cmr9!
Missing character: There is no ö in font cmr9!
Missing character: There is no Ñ in font cmr9!
Missing character: There is no ‰ in font cmr9!
Missing character: There is no ∏ in font cmr9!
Missing character: There is no ª in font cmr9!
Missing character: There is no Ë in font cmr9!
Missing character: There is no ¶ in font cmr9!
Missing character: There is no Å in font cmr9!
Missing character: There is no ‰ in font cmr9!
Missing character: There is no ø in font cmr9!
Missing character: There is no ° in font cmr9!
Missing character: There is no Ê in font cmr9!
Missing character: There is no Å in font cmr9!
Missing character: There is no Ø in font cmr9!
Missing character: There is no „ in font cmr9!
Missing character: There is no Ä in font cmr9!
Missing character: There is no Ç in font cmr9!
Missing character: There is no ‰ in font cmr9!
Missing character: There is no Ω in font cmr9!
Missing character: There is no ø in font cmr9!
Missing character: There is no Ë in font cmr9!
Missing character: There is no Ø in font cmr9!
Missing character: There is no ª in font cmr9!
Missing character: There is no Ë in font cmr9!
Missing character: There is no Ä in font cmr9!
Missing character: There is no Ö in font cmr9!
Missing character: There is no Â in font cmr9!
Missing character: There is no ç in font cmr9!
Missing character: There is no ≥ in font cmr9!
Missing character: There is no ‰ in font cmr9!
Missing character: There is no Ω in font cmr9!
Missing character: There is no ø in font cmr9!
Missing character: There is no ‰ in font cmr9!
Missing character: There is no ∏ in font cmr9!
Missing character: There is no ç in font cmr9!
Missing character: There is no È in font cmr9!
Missing character: There is no ò in font cmr9!
Missing character: There is no Ö in font cmr9!
Missing character: There is no Ë in font cmr9!
Missing character: There is no Ø in font cmr9!
Missing character: There is no ª in font cmr9!
Missing character: There is no Â in font cmr9!
Missing character: There is no Ö in font cmr9!
Missing character: There is no ® in font cmr9!
Missing character: There is no Ê in font cmr9!
Missing character: There is no ñ in font cmr9!
Missing character: There is no á in font cmr9!
Missing character: There is no Ô in font cmr9!
Missing character: There is no º in font cmr9!
Missing character: There is no å in font cmr9!
Missing character: There is no È in font cmr9!
Missing character: There is no Ä in font cmr9!
Missing character: There is no ö in font cmr9!
Missing character: There is no Ë in font cmr9!
Missing character: There is no ø in font cmr9!
Missing character: There is no á in font cmr9!
Missing character: There is no Ê in font cmr9!
Missing character: There is no ë in font cmr9!
Missing character: There is no ò in font cmr9!
Missing character: There is no Ë in font cmr9!
Missing character: There is no ¶ in font cmr9!
Missing character: There is no Å in font cmr9!
Missing character: There is no Â in font cmr9!
Missing character: There is no ∞ in font cmr9!
Missing character: There is no ± in font cmr9!
Missing character: There is no Ë in font cmr9!
Missing character: There is no É in font cmr9!
Missing character: There is no Ω in font cmr9!
Missing character: There is no ‰ in font cmr9!
Missing character: There is no ∫ in font cmr9!
Missing character: There is no Ü in font cmr9!
Missing character: There is no Ë in font cmr9!
Missing character: There is no ß in font cmr9!
Missing character: There is no £ in font cmr9!
Missing character: There is no Ë in font cmr9!
Missing character: There is no Æ in font cmr9!
Missing character: There is no ∫ in font cmr9!
Missing character: There is no Ê in font cmr9!
Missing character: There is no ñ in font cmr9!
Missing character: There is no á in font cmr9!
Missing character: There is no Á in font cmr9!
Missing character: There is no ö in font cmr9!
Missing character: There is no Ñ in font cmr9!
Missing character: There is no Ê in font cmr9!
Missing character: There is no Ä in font cmr9!
Missing character: There is no ª in font cmr9!
Missing character: There is no ‰ in font cmr9!
Missing character: There is no Ω in font cmr9!
Missing character: There is no ì in font cmr9!
Missing character: There is no Â in font cmr9!
Missing character: There is no Ü in font cmr9!
Missing character: There is no Ö in font cmr9!
Missing character: There is no Â in font cmr9!
Missing character: There is no Æ in font cmr9!
Missing character: There is no π in font cmr9!
Missing character: There is no Â in font cmr9!
Missing character: There is no í in font cmr9!
Missing character: There is no å in font cmr9!
Missing character: There is no ‰ in font cmr9!
Missing character: There is no ∏ in font cmr9!
Missing character: There is no ª in font cmr9!
Missing character: There is no Ë in font cmr9!
Missing character: There is no ¶ in font cmr9!
Missing character: There is no Å in font cmr9!
Missing character: There is no Ê in font cmr9!
Missing character: There is no à in font cmr9!
Missing character: There is no ê in font cmr9!
Missing character: There is no Ê in font cmr9!
Missing character: There is no û in font cmr9!
Missing character: There is no ú in font cmr9!
Missing character: There is no „ in font cmr9!
Missing character: There is no Ä in font cmr9!
Missing character: There is no Ç in font cmr9!
Missing character: There is no Ë in font cmr9!
Missing character: There is no Æ in font cmr9!
Missing character: There is no ∫ in font cmr9!
Missing character: There is no Ê in font cmr9!
Missing character: There is no ñ in font cmr9!
Missing character: There is no á in font cmr9!
Missing character: There is no Ê in font cmr9!
Missing character: There is no ë in font cmr9!
Missing character: There is no ò in font cmr9!
Missing character: There is no Ë in font cmr9!
Missing character: There is no ¶ in font cmr9!
Missing character: There is no Å in font cmr9!
Missing character: There is no Á in font cmr9!
Missing character: There is no ö in font cmr9!
Missing character: There is no Ñ in font cmr9!
Missing character: There is no ‰ in font cmr9!
Missing character: There is no π in font cmr9!
Missing character: There is no ¶ in font cmr9!
Missing character: There is no Â in font cmr9!
Missing character: There is no Ü in font cmr9!
Missing character: There is no ô in font cmr9!
Missing character: There is no Â in font cmr9!
Missing character: There is no ∫ in font cmr9!
Missing character: There is no î in font cmr9!
Missing character: There is no Â in font cmr9!
Missing character: There is no ä in font cmr9!
Missing character: There is no õ in font cmr9!
Missing character: There is no Ê in font cmr9!
Missing character: There is no ± in font cmr9!
Missing character: There is no Ç in font cmr9!
Missing character: There is no Á in font cmr9!
Missing character: There is no ≤ in font cmr9!
Missing character: There is no æ in font cmr9!
Missing character: There is no Á in font cmr9!
Missing character: There is no ° in font cmr9!
Missing character: There is no Æ in font cmr9!
Missing character: There is no „ in font cmr9!
Missing character: There is no Ä in font cmr9!
Missing character: There is no Å in font cmr9!
Missing character: There is no Á in font cmr9!
Missing character: There is no Æ in font cmr9!
Missing character: There is no Ä in font cmr9!
Missing character: There is no Ê in font cmr9!
Missing character: There is no ò in font cmr9!
Missing character: There is no é in font cmr9!
Missing character: There is no „ in font cmr9!
Missing character: There is no Ä in font cmr9!
Missing character: There is no Ç in font cmr9!
Missing character: There is no Â in font cmr9!
Missing character: There is no à in font cmr9!
Missing character: There is no á in font cmr9!
Missing character: There is no Â in font cmr9!
Missing character: There is no ø in font cmr9!
Missing character: There is no å in font cmr9!
Missing character: There is no Â in font cmr9!
Missing character: There is no Ü in font cmr9!
Missing character: There is no ô in font cmr9!
Missing character: There is no Ê in font cmr9!
Missing character: There is no à in font cmr9!
Missing character: There is no ê in font cmr9!
Missing character: There is no Â in font cmr9!
Missing character: There is no Ø in font cmr9!
Missing character: There is no π in font cmr9!
Missing character: There is no Ë in font cmr9!
Missing character: There is no Æ in font cmr9!
Missing character: There is no ∫ in font cmr9!
Missing character: There is no Ê in font cmr9!
Missing character: There is no ñ in font cmr9!
Missing character: There is no á in font cmr9!
Missing character: There is no ‰ in font cmr9!
Missing character: There is no π in font cmr9!
Missing character: There is no ¶ in font cmr9!
Missing character: There is no Â in font cmr9!
Missing character: There is no Ü in font cmr9!
Missing character: There is no ô in font cmr9!
Missing character: There is no Â in font cmr9!
Missing character: There is no Ü in font cmr9!
Missing character: There is no Ö in font cmr9!
Missing character: There is no Â in font cmr9!
Missing character: There is no Æ in font cmr9!
Missing character: There is no π in font cmr9!
Missing character: There is no Ë in font cmr9!
Missing character: There is no ø in font cmr9!
Missing character: There is no õ in font cmr9!
Missing character: There is no Ë in font cmr9!
Missing character: There is no ° in font cmr9!
Missing character: There is no å in font cmr9!
Missing character: There is no Ê in font cmr9!
Missing character: There is no è in font cmr9!
Missing character: There is no ê in font cmr9!
Missing character: There is no Ë in font cmr9!
Missing character: There is no ¶ in font cmr9!
Missing character: There is no Å in font cmr9!
Missing character: There is no Á in font cmr9!
Missing character: There is no ö in font cmr9!
Missing character: There is no Ñ in font cmr9!
Missing character: There is no Â in font cmr9!
Missing character: There is no Ω in font cmr9!
Missing character: There is no ¢ in font cmr9!
Missing character: There is no Â in font cmr9!
Missing character: There is no º in font cmr9!
Missing character: There is no è in font cmr9!
Missing character: There is no Ô in font cmr9!
Missing character: There is no º in font cmr9!
Missing character: There is no å in font cmr9!
Missing character: There is no Â in font cmr9!
Missing character: There is no ∞ in font cmr9!
Missing character: There is no § in font cmr9!
Missing character: There is no Â in font cmr9!
Missing character: There is no Ö in font cmr9!
Missing character: There is no ∂ in font cmr9!
Missing character: There is no Ë in font cmr9!
Missing character: There is no ¶ in font cmr9!
Missing character: There is no Å in font cmr9!
Missing character: There is no È in font cmr9!
Missing character: There is no Å in font cmr9!
Missing character: There is no ø in font cmr9!
Missing character: There is no Â in font cmr9!
Missing character: There is no Ö in font cmr9!
Missing character: There is no ç in font cmr9!
Missing character: There is no ‚ in font cmr9!
Missing character: There is no Ä in font cmr9!
Missing character: There is no ú in font cmr9!
Missing character: There is no Á in font cmr9!
Missing character: There is no ¨ in font cmr9!
Missing character: There is no ¨ in font cmr9!
Missing character: There is no Á in font cmr9!
Missing character: There is no ´ in font cmr9!
Missing character: There is no † in font cmr9!
Missing character: There is no ‚ in font cmr9!
Missing character: There is no Ä in font cmr9!
Missing character: There is no ¶ in font cmr9!
Missing character: There is no ‚ in font cmr9!
Missing character: There is no Ä in font cmr9!
Missing character: There is no ¶ in font cmr9!
Missing character: There is no Ô in font cmr9!
Missing character: There is no º in font cmr9!
Missing character: There is no õ in font cmr9!
Missing character: There is no Á in font cmr9!
Missing character: There is no ¨ in font cmr9!
Missing character: There is no ¨ in font cmr9!
Missing character: There is no Á in font cmr9!
Missing character: There is no ´ in font cmr9!
Missing character: There is no † in font cmr9!
Missing character: There is no ‚ in font cmr9!
Missing character: There is no Ä in font cmr9!
Missing character: There is no ¶ in font cmr9!
Missing character: There is no ‚ in font cmr9!
Missing character: There is no Ä in font cmr9!
Missing character: There is no ¶ in font cmr9!
Missing character: There is no Ô in font cmr9!
Missing character: There is no º in font cmr9!
Missing character: There is no õ in font cmr9!
Missing character: There is no ‚ in font cmr9!
Missing character: There is no Ä in font cmr9!
Missing character: There is no ¶ in font cmr9!
Missing character: There is no ‚ in font cmr9!
Missing character: There is no Ä in font cmr9!
Missing character: There is no ¶ in font cmr9!
Missing character: There is no ‚ in font cmr9!
Missing character: There is no Ä in font cmr9!
Missing character: There is no ù in font cmr9!
Missing character: There is no Ë in font cmr9!
Missing character: There is no ø in font cmr9!
Missing character: There is no ô in font cmr9!
Missing character: There is no Á in font cmr9!
Missing character: There is no ß in font cmr9!
Missing character: There is no ç in font cmr9!
Missing character: There is no Ê in font cmr9!
Missing character: There is no à in font cmr9!
Missing character: There is no ñ in font cmr9!
Missing character: There is no Á in font cmr9!
Missing character: There is no ± in font cmr9!
Missing character: There is no ª in font cmr9!
Missing character: There is no ‰ in font cmr9!
Missing character: There is no º in font cmr9!
Missing character: There is no º in font cmr9!
Missing character: There is no Á in font cmr9!
Missing character: There is no ö in font cmr9!
Missing character: There is no Ñ in font cmr9!
Missing character: There is no È in font cmr9!
Missing character: There is no ô in font cmr9!
Missing character: There is no à in font cmr9!
Missing character: There is no Ë in font cmr9!
Missing character: There is no ø in font cmr9!
Missing character: There is no ∞ in font cmr9!
Missing character: There is no Ê in font cmr9!
Missing character: There is no ñ in font cmr9!
Missing character: There is no π in font cmr9!
Missing character: There is no Â in font cmr9!
Missing character: There is no º in font cmr9!
Missing character: There is no è in font cmr9!
Missing character: There is no „ in font cmr9!
Missing character: There is no Ä in font cmr9!
Missing character: There is no Ç in font cmr9!
Missing character: There is no Ê in font cmr9!
Missing character: There is no ú in font cmr9!
Missing character: There is no ¨ in font cmr9!
Missing character: There is no Ê in font cmr9!
Missing character: There is no ñ in font cmr9!
Missing character: There is no á in font cmr9!
Missing character: There is no ‰ in font cmr9!
Missing character: There is no ª in font cmr9!
Missing character: There is no ã in font cmr9!
Missing character: There is no Á in font cmr9!
Missing character: There is no ª in font cmr9!
Missing character: There is no ç in font cmr9!
Missing character: There is no È in font cmr9!
Missing character: There is no É in font cmr9!
Missing character: There is no ë in font cmr9!
Missing character: There is no Â in font cmr9!
Missing character: There is no ∑ in font cmr9!
Missing character: There is no û in font cmr9!
Missing character: There is no Â in font cmr9!
Missing character: There is no § in font cmr9!
Missing character: There is no ß in font cmr9!
Missing character: There is no Â in font cmr9!
Missing character: There is no ≠ in font cmr9!
Missing character: There is no ¶ in font cmr9!
Missing character: There is no Ë in font cmr9!
Missing character: There is no Æ in font cmr9!
Missing character: There is no ∫ in font cmr9!
Missing character: There is no Ê in font cmr9!
Missing character: There is no ñ in font cmr9!
Missing character: There is no á in font cmr9!
Missing character: There is no Ê in font cmr9!
Missing character: There is no ® in font cmr9!
Missing character: There is no ° in font cmr9!
Missing character: There is no Ê in font cmr9!
Missing character: There is no ù in font cmr9!
Missing character: There is no ø in font cmr9!
Missing character: There is no Á in font cmr9!
Missing character: There is no ö in font cmr9!
Missing character: There is no Ñ in font cmr9!
Missing character: There is no Ê in font cmr9!
Missing character: There is no ù in font cmr9!
Missing character: There is no • in font cmr9!
Missing character: There is no Á in font cmr9!
Missing character: There is no î in font cmr9!
Missing character: There is no ± in font cmr9!
Missing character: There is no Â in font cmr9!
Missing character: There is no è in font cmr9!
Missing character: There is no ä in font cmr9!
Missing character: There is no ‰ in font cmr9!
Missing character: There is no Ω in font cmr9!
Missing character: There is no ø in font cmr9!
Missing character: There is no Á in font cmr9!
Missing character: There is no î in font cmr9!
Missing character: There is no ® in font cmr9!
Missing character: There is no Ê in font cmr9!
Missing character: There is no ñ in font cmr9!
Missing character: There is no π in font cmr9!
Missing character: There is no Ê in font cmr9!
Missing character: There is no ≥ in font cmr9!
Missing character: There is no ï in font cmr9!
Missing character: There is no Ô in font cmr9!
Missing character: There is no º in font cmr9!
Missing character: There is no å in font cmr9!
Missing character: There is no Â in font cmr9!
Missing character: There is no π in font cmr9!
Missing character: There is no ∂ in font cmr9!
Missing character: There is no Â in font cmr9!
Missing character: There is no Ø in font cmr9!
Missing character: There is no π in font cmr9!
Missing character: There is no Ê in font cmr9!
Missing character: There is no ® in font cmr9!
Missing character: There is no ° in font cmr9!
Missing character: There is no Ê in font cmr9!
Missing character: There is no ù in font cmr9!
Missing character: There is no ø in font cmr9!
Missing character: There is no Ê in font cmr9!
Missing character: There is no â in font cmr9!
Missing character: There is no Ä in font cmr9!
Missing character: There is no Ê in font cmr9!
Missing character: There is no ∂ in font cmr9!
Missing character: There is no â in font cmr9!
Missing character: There is no Â in font cmr9!
Missing character: There is no è in font cmr9!
Missing character: There is no ä in font cmr9!
Missing character: There is no Á in font cmr9!
Missing character: There is no ö in font cmr9!
Missing character: There is no Ñ in font cmr9!
Missing character: There is no Â in font cmr9!
Missing character: There is no Æ in font cmr9!
Missing character: There is no è in font cmr9!
Missing character: There is no Â in font cmr9!
Missing character: There is no å in font cmr9!
Missing character: There is no Ö in font cmr9!
Missing character: There is no Â in font cmr9!
Missing character: There is no è in font cmr9!
Missing character: There is no ä in font cmr9!
Missing character: There is no Ë in font cmr9!
Missing character: There is no á in font cmr9!
Missing character: There is no ™ in font cmr9!
Missing character: There is no Â in font cmr9!
Missing character: There is no Æ in font cmr9!
Missing character: There is no ö in font cmr9!
Missing character: There is no ‰ in font cmr9!
Missing character: There is no π in font cmr9!
Missing character: There is no â in font cmr9!
Missing character: There is no Â in font cmr9!
Missing character: There is no ë in font cmr9!
Missing character: There is no Ω in font cmr9!
Missing character: There is no ‰ in font cmr9!
Missing character: There is no ª in font cmr9!
Missing character: There is no § in font cmr9!
Missing character: There is no Ë in font cmr9!
Missing character: There is no ø in font cmr9!
Missing character: There is no õ in font cmr9!
Missing character: There is no Ë in font cmr9!
Missing character: There is no ° in font cmr9!
Missing character: There is no å in font cmr9!
Missing character: There is no Á in font cmr9!
Missing character: There is no Æ in font cmr9!
Missing character: There is no Ä in font cmr9!
Missing character: There is no Ë in font cmr9!
Missing character: There is no ¶ in font cmr9!
Missing character: There is no Å in font cmr9!
Missing character: There is no Á in font cmr9!
Missing character: There is no ö in font cmr9!
Missing character: There is no Ñ in font cmr9!
Missing character: There is no Ë in font cmr9!
Missing character: There is no Ø in font cmr9!
Missing character: There is no ¥ in font cmr9!
Missing character: There is no Ê in font cmr9!
Missing character: There is no ò in font cmr9!
Missing character: There is no é in font cmr9!
Missing character: There is no „ in font cmr9!
Missing character: There is no Ä in font cmr9!
Missing character: There is no Ç in font cmr9!
Missing character: There is no Ê in font cmr9!
Missing character: There is no ú in font cmr9!
Missing character: There is no ¨ in font cmr9!
Missing character: There is no Ê in font cmr9!
Missing character: There is no ñ in font cmr9!
Missing character: There is no á in font cmr9!
Missing character: There is no Á in font cmr9!
Missing character: There is no ö in font cmr9!
Missing character: There is no Ñ in font cmr9!
Missing character: There is no Â in font cmr9!
Missing character: There is no à in font cmr9!
Missing character: There is no õ in font cmr9!
Missing character: There is no Ê in font cmr9!
Missing character: There is no ñ in font cmr9!
Missing character: There is no ∞ in font cmr9!
Missing character: There is no Á in font cmr9!
Missing character: There is no Ç in font cmr9!
Missing character: There is no π in font cmr9!
Missing character: There is no ‰ in font cmr9!
Missing character: There is no ∏ in font cmr9!
Missing character: There is no ª in font cmr9!
Missing character: There is no Ë in font cmr9!
Missing character: There is no ¶ in font cmr9!
Missing character: There is no Å in font cmr9!
Missing character: There is no Ê in font cmr9!
Missing character: There is no ú in font cmr9!
Missing character: There is no â in font cmr9!
Missing character: There is no Ô in font cmr9!
Missing character: There is no º in font cmr9!
Missing character: There is no ö in font cmr9!
LaTeX Font Info:    Try loading font information for OMS+cmr on input line 25.
(/usr/share/texmf-dist/tex/latex/base/omscmr.fd
File: omscmr.fd 1999/05/25 v2.5h Standard LaTeX font definitions
)
LaTeX Font Info:    Font shape `OMS/cmr/m/n' in size <9> not available
(Font)              Font shape `OMS/cmsy/m/n' tried instead on input line 25.
Missing character: There is no Á in font cmr9!
Missing character: There is no î in font cmr9!
Missing character: There is no ® in font cmr9!
Missing character: There is no ‰ in font cmr9!
Missing character: There is no æ in font cmr9!
Missing character: There is no ã in font cmr9!
Missing character: There is no Â in font cmr9!
Missing character: There is no ≠ in font cmr9!
Missing character: There is no ê in font cmr9!
Missing character: There is no Ê in font cmr9!
Missing character: There is no ù in font cmr9!
Missing character: There is no • in font cmr9!
Missing character: There is no Ë in font cmr9!
Missing character: There is no ß in font cmr9!
Missing character: There is no £ in font cmr9!
Missing character: There is no È in font cmr9!
Missing character: There is no á in font cmr9!
Missing character: There is no ä in font cmr9!
Missing character: There is no Ê in font cmr9!
Missing character: There is no ® in font cmr9!
Missing character: There is no ° in font cmr9!
Missing character: There is no Ê in font cmr9!
Missing character: There is no ù in font cmr9!
Missing character: There is no ø in font cmr9!
Missing character: There is no Á in font cmr9!
Missing character: There is no ö in font cmr9!
Missing character: There is no Ñ in font cmr9!
Missing character: There is no ‰ in font cmr9!
Missing character: There is no Ω in font cmr9!
Missing character: There is no ø in font cmr9!
Missing character: There is no Á in font cmr9!
Missing character: There is no î in font cmr9!
Missing character: There is no ® in font cmr9!
Missing character: There is no Ê in font cmr9!
Missing character: There is no ñ in font cmr9!
Missing character: There is no π in font cmr9!
Missing character: There is no Ê in font cmr9!
Missing character: There is no ≥ in font cmr9!
Missing character: There is no ï in font cmr9!
Missing character: There is no Ô in font cmr9!
Missing character: There is no º in font cmr9!
Missing character: There is no õ in font cmr9!
Missing character: There is no Á in font cmr9!
Missing character: There is no î in font cmr9!
Missing character: There is no ® in font cmr9!
Missing character: There is no Â in font cmr9!
Missing character: There is no ∫ in font cmr9!
Missing character: There is no ü in font cmr9!
Missing character: There is no Ë in font cmr9!
Missing character: There is no Ø in font cmr9!
Missing character: There is no ù in font cmr9!
Missing character: There is no Ê in font cmr9!
Missing character: There is no ù in font cmr9!
Missing character: There is no • in font cmr9!
Missing character: There is no Â in font cmr9!
Missing character: There is no ° in font cmr9!
Missing character: There is no ´ in font cmr9!
Missing character: There is no Â in font cmr9!
Missing character: There is no Ö in font cmr9!
Missing character: There is no Ö in font cmr9!
Missing character: There is no Ê in font cmr9!
Missing character: There is no ó in font cmr9!
Missing character: There is no † in font cmr9!
Missing character: There is no Â in font cmr9!
Missing character: There is no Ö in font cmr9!
Missing character: There is no ≥ in font cmr9!
Missing character: There is no Á in font cmr9!
Missing character: There is no ¥ in font cmr9!
Missing character: There is no ß in font cmr9!
Missing character: There is no Ë in font cmr9!
Missing character: There is no ¶ in font cmr9!
Missing character: There is no Å in font cmr9!
Missing character: There is no Á in font cmr9!
Missing character: There is no ö in font cmr9!
Missing character: There is no Ñ in font cmr9!
Missing character: There is no È in font cmr9!
Missing character: There is no É in font cmr9!
Missing character: There is no ® in font cmr9!
Missing character: There is no Â in font cmr9!
Missing character: There is no à in font cmr9!
Missing character: There is no Ü in font cmr9!
Missing character: There is no Ô in font cmr9!
Missing character: There is no º in font cmr9!
Missing character: There is no õ in font cmr9!
Missing character: There is no ‰ in font cmr9!
Missing character: There is no ∏ in font cmr9!
Missing character: There is no Ä in font cmr9!
Missing character: There is no Ë in font cmr9!
Missing character: There is no æ in font cmr9!
Missing character: There is no π in font cmr9!
Missing character: There is no Â in font cmr9!
Missing character: There is no ≠ in font cmr9!
Missing character: There is no ¶ in font cmr9!
Missing character: There is no ‰ in font cmr9!
Missing character: There is no π in font cmr9!
Missing character: There is no † in font cmr9!
Missing character: There is no Ê in font cmr9!
Missing character: There is no ë in font cmr9!
Missing character: There is no ∏ in font cmr9!
Missing character: There is no Á in font cmr9!
Missing character: There is no ¥ in font cmr9!
Missing character: There is no ¢ in font cmr9!
Missing character: There is no ‰ in font cmr9!
Missing character: There is no ∏ in font cmr9!
Missing character: There is no Ä in font cmr9!
Missing character: There is no Ë in font cmr9!
Missing character: There is no æ in font cmr9!
Missing character: There is no π in font cmr9!
Missing character: There is no Á in font cmr9!
Missing character: There is no º in font cmr9!
Missing character: There is no ñ in font cmr9!
Missing character: There is no Â in font cmr9!
Missing character: There is no Ü in font cmr9!
Missing character: There is no ô in font cmr9!
Missing character: There is no Ê in font cmr9!
Missing character: There is no ñ in font cmr9!
Missing character: There is no ∞ in font cmr9!
Missing character: There is no ‰ in font cmr9!
Missing character: There is no ª in font cmr9!
Missing character: There is no £ in font cmr9!
Missing character: There is no Á in font cmr9!
Missing character: There is no † in font cmr9!
Missing character: There is no Å in font cmr9!
Missing character: There is no „ in font cmr9!
Missing character: There is no Ä in font cmr9!
Missing character: There is no Ç in font cmr9!
Missing character: There is no Â in font cmr9!
Missing character: There is no Ö in font cmr9!
Missing character: There is no ≥ in font cmr9!
Missing character: There is no È in font cmr9!
Missing character: There is no î in font cmr9!
Missing character: There is no Æ in font cmr9!
Missing character: There is no Ë in font cmr9!
Missing character: There is no Ø in font cmr9!
Missing character: There is no ç in font cmr9!
Missing character: There is no Ê in font cmr9!
Missing character: There is no ò in font cmr9!
Missing character: There is no Ø in font cmr9!
Missing character: There is no ‰ in font cmr9!
Missing character: There is no ∏ in font cmr9!
Missing character: There is no ∫ in font cmr9!
Missing character: There is no ‰ in font cmr9!
Missing character: There is no ∫ in font cmr9!
Missing character: There is no Ü in font cmr9!
Missing character: There is no ‰ in font cmr9!
Missing character: There is no æ in font cmr9!
Missing character: There is no ø in font cmr9!
Missing character: There is no ‰ in font cmr9!
Missing character: There is no ∫ in font cmr9!
Missing character: There is no é in font cmr9!
Missing character: There is no Â in font cmr9!
Missing character: There is no Å in font cmr9!
Missing character: There is no ö in font cmr9!
Missing character: There is no Ê in font cmr9!
Missing character: There is no ñ in font cmr9!
Missing character: There is no á in font cmr9!
Missing character: There is no Á in font cmr9!
Missing character: There is no å in font cmr9!
Missing character: There is no Æ in font cmr9!
Missing character: There is no Á in font cmr9!
Missing character: There is no ¥ in font cmr9!
Missing character: There is no ¢ in font cmr9!
Missing character: There is no Â in font cmr9!
Missing character: There is no º in font cmr9!
Missing character: There is no ï in font cmr9!
Missing character: There is no Â in font cmr9!
Missing character: There is no í in font cmr9!
Missing character: There is no å in font cmr9!
Missing character: There is no Ê in font cmr9!
Missing character: There is no £ in font cmr9!
Missing character: There is no Ä in font cmr9!
Missing character: There is no Á in font cmr9!
Missing character: There is no ¥ in font cmr9!
Missing character: There is no ¢ in font cmr9!
Missing character: There is no Â in font cmr9!
Missing character: There is no ∑ in font cmr9!
Missing character: There is no • in font cmr9!
Missing character: There is no ‰ in font cmr9!
Missing character: There is no Ω in font cmr9!
Missing character: There is no ú in font cmr9!
Missing character: There is no Ë in font cmr9!
Missing character: There is no Ä in font cmr9!
Missing character: There is no å in font cmr9!
Missing character: There is no ‰ in font cmr9!
Missing character: There is no ª in font cmr9!
Missing character: There is no é in font cmr9!
Missing character: There is no Ë in font cmr9!
Missing character: There is no Æ in font cmr9!
Missing character: There is no ∫ in font cmr9!
Missing character: There is no Ê in font cmr9!
Missing character: There is no ñ in font cmr9!
Missing character: There is no á in font cmr9!
Missing character: There is no ‰ in font cmr9!
Missing character: There is no ∏ in font cmr9!
Missing character: There is no ≠ in font cmr9!
Missing character: There is no È in font cmr9!
Missing character: There is no Ä in font cmr9!
Missing character: There is no â in font cmr9!
Missing character: There is no Â in font cmr9!
Missing character: There is no è in font cmr9!
Missing character: There is no ñ in font cmr9!
Missing character: There is no Â in font cmr9!
Missing character: There is no á in font cmr9!
Missing character: There is no ∫ in font cmr9!
Missing character: There is no Ê in font cmr9!
Missing character: There is no ù in font cmr9!
Missing character: There is no • in font cmr9!
Missing character: There is no Á in font cmr9!
Missing character: There is no î in font cmr9!
Missing character: There is no ® in font cmr9!
Missing character: There is no ‰ in font cmr9!
Missing character: There is no ª in font cmr9!
Missing character: There is no • in font cmr9!
Missing character: There is no Ë in font cmr9!
Missing character: There is no ° in font cmr9!
Missing character: There is no ® in font cmr9!
Missing character: There is no Á in font cmr9!
Missing character: There is no § in font cmr9!
Missing character: There is no ∫ in font cmr9!
Missing character: There is no Â in font cmr9!
Missing character: There is no Ö in font cmr9!
Missing character: There is no ® in font cmr9!
Missing character: There is no Ê in font cmr9!
Missing character: There is no ñ in font cmr9!
Missing character: There is no á in font cmr9!
Missing character: There is no ‰ in font cmr9!
Missing character: There is no ∏ in font cmr9!
Missing character: There is no ª in font cmr9!
Missing character: There is no È in font cmr9!
Missing character: There is no ¢ in font cmr9!
Missing character: There is no ò in font cmr9!
Missing character: There is no Â in font cmr9!
Missing character: There is no Ü in font cmr9!
Missing character: There is no Ö in font cmr9!
Missing character: There is no Â in font cmr9!
Missing character: There is no Æ in font cmr9!
Missing character: There is no π in font cmr9!
Missing character: There is no ‰ in font cmr9!
Missing character: There is no ø in font cmr9!
Missing character: There is no ° in font cmr9!
Missing character: There is no Ê in font cmr9!
Missing character: There is no Å in font cmr9!
Missing character: There is no Ø in font cmr9!
Missing character: There is no Á in font cmr9!
Missing character: There is no ö in font cmr9!
Missing character: There is no Ñ in font cmr9!
Missing character: There is no Â in font cmr9!
Missing character: There is no ç in font cmr9!
Missing character: There is no ï in font cmr9!
Missing character: There is no Ë in font cmr9!
Missing character: There is no Ø in font cmr9!
Missing character: There is no ç in font cmr9!
Missing character: There is no Ê in font cmr9!
Missing character: There is no à in font cmr9!
Missing character: There is no ñ in font cmr9!
Missing character: There is no Ê in font cmr9!
Missing character: There is no ú in font cmr9!
Missing character: There is no Ø in font cmr9!
Missing character: There is no Ë in font cmr9!
Missing character: There is no Ø in font cmr9!
Missing character: There is no ≠ in font cmr9!
Missing character: There is no „ in font cmr9!
Missing character: There is no Ä in font cmr9!
Missing character: There is no Ç in font cmr9!
Missing character: There is no Â in font cmr9!
Missing character: There is no Ö in font cmr9!
Missing character: There is no ≥ in font cmr9!
Missing character: There is no È in font cmr9!
Missing character: There is no î in font cmr9!
Missing character: There is no Æ in font cmr9!
Missing character: There is no Ë in font cmr9!
Missing character: There is no Ø in font cmr9!
Missing character: There is no ç in font cmr9!
Missing character: There is no Á in font cmr9!
Missing character: There is no ö in font cmr9!
Missing character: There is no Ñ in font cmr9!
Missing character: There is no Â in font cmr9!
Missing character: There is no ∫ in font cmr9!
Missing character: There is no î in font cmr9!
Missing character: There is no ‰ in font cmr9!
Missing character: There is no Ω in font cmr9!
Missing character: There is no ì in font cmr9!
Missing character: There is no Á in font cmr9!
Missing character: There is no é in font cmr9!
Missing character: There is no ∞ in font cmr9!
Missing character: There is no Ë in font cmr9!
Missing character: There is no Æ in font cmr9!
Missing character: There is no ∫ in font cmr9!
Missing character: There is no Ê in font cmr9!
Missing character: There is no ñ in font cmr9!
Missing character: There is no á in font cmr9!
Missing character: There is no Á in font cmr9!
Missing character: There is no â in font cmr9!
Missing character: There is no π in font cmr9!
Missing character: There is no Ë in font cmr9!
Missing character: There is no â in font cmr9!
Missing character: There is no ≤ in font cmr9!
Missing character: There is no Ô in font cmr9!
Missing character: There is no º in font cmr9!
Missing character: There is no å in font cmr9!
Missing character: There is no Â in font cmr9!
Missing character: There is no Ö in font cmr9!
Missing character: There is no ∑ in font cmr9!
Missing character: There is no Ê in font cmr9!
Missing character: There is no ú in font cmr9!
Missing character: There is no â in font cmr9!
Missing character: There is no Ë in font cmr9!
Missing character: There is no Ø in font cmr9!
Missing character: There is no ≠ in font cmr9!
Missing character: There is no ‰ in font cmr9!
Missing character: There is no π in font cmr9!
Missing character: There is no â in font cmr9!
Missing character: There is no Ê in font cmr9!
Missing character: There is no Ä in font cmr9!
Missing character: There is no ß in font cmr9!
Missing character: There is no Ô in font cmr9!
Missing character: There is no º in font cmr9!
Missing character: There is no å in font cmr9!
Missing character: There is no Â in font cmr9!
Missing character: There is no ú in font cmr9!
Missing character: There is no ® in font cmr9!
Missing character: There is no Ë in font cmr9!
Missing character: There is no Æ in font cmr9!
Missing character: There is no ∫ in font cmr9!
Missing character: There is no Ê in font cmr9!
Missing character: There is no ñ in font cmr9!
Missing character: There is no á in font cmr9!
Missing character: There is no ‰ in font cmr9!
Missing character: There is no ∏ in font cmr9!
Missing character: There is no ≠ in font cmr9!
Missing character: There is no Ê in font cmr9!
Missing character: There is no ú in font cmr9!
Missing character: There is no â in font cmr9!
Missing character: There is no Ê in font cmr9!
Missing character: There is no ò in font cmr9!
Missing character: There is no é in font cmr9!
Missing character: There is no Á in font cmr9!
Missing character: There is no ° in font cmr9!
Missing character: There is no Æ in font cmr9!
Missing character: There is no Á in font cmr9!
Missing character: There is no ö in font cmr9!
Missing character: There is no Ñ in font cmr9!
Missing character: There is no Â in font cmr9!
Missing character: There is no á in font cmr9!
Missing character: There is no ∫ in font cmr9!
Missing character: There is no Â in font cmr9!
Missing character: There is no § in font cmr9!
Missing character: There is no Ñ in font cmr9!
Missing character: There is no Ô in font cmr9!
Missing character: There is no º in font cmr9!
Missing character: There is no å in font cmr9!
Missing character: There is no Â in font cmr9!
Missing character: There is no π in font cmr9!
Missing character: There is no ∂ in font cmr9!
Missing character: There is no Â in font cmr9!
Missing character: There is no ∫ in font cmr9!
Missing character: There is no î in font cmr9!
Missing character: There is no Â in font cmr9!
Missing character: There is no ∞ in font cmr9!
Missing character: There is no Ω in font cmr9!
Missing character: There is no È in font cmr9!
Missing character: There is no á in font cmr9!
Missing character: There is no è in font cmr9!
Missing character: There is no È in font cmr9!
Missing character: There is no á in font cmr9!
Missing character: There is no á in font cmr9!
Missing character: There is no Á in font cmr9!
Missing character: There is no î in font cmr9!
Missing character: There is no ® in font cmr9!
Missing character: There is no „ in font cmr9!
Missing character: There is no Ä in font cmr9!
Missing character: There is no ä in font cmr9!
Missing character: There is no Ê in font cmr9!
Missing character: There is no ± in font cmr9!
Missing character: There is no â in font cmr9!
Missing character: There is no Ë in font cmr9!
Missing character: There is no Ø in font cmr9!
Missing character: There is no ≠ in font cmr9!
Missing character: There is no ‰ in font cmr9!
Missing character: There is no ∏ in font cmr9!
Missing character: There is no ª in font cmr9!
Missing character: There is no È in font cmr9!
Missing character: There is no ¢ in font cmr9!
Missing character: There is no ò in font cmr9!
Missing character: There is no Ë in font cmr9!
Missing character: There is no Ø in font cmr9!
Missing character: There is no ç in font cmr9!
Missing character: There is no Ë in font cmr9!
Missing character: There is no ° in font cmr9!
Missing character: There is no ® in font cmr9!
Missing character: There is no „ in font cmr9!
Missing character: There is no Ä in font cmr9!
Missing character: There is no ã in font cmr9!
Missing character: There is no Ê in font cmr9!
Missing character: There is no à in font cmr9!
Missing character: There is no ñ in font cmr9!
Missing character: There is no Â in font cmr9!
Missing character: There is no ê in font cmr9!
Missing character: There is no Ñ in font cmr9!
Missing character: There is no ‰ in font cmr9!
Missing character: There is no ∏ in font cmr9!
Missing character: There is no ì in font cmr9!
Missing character: There is no ‰ in font cmr9!
Missing character: There is no ∏ in font cmr9!
Missing character: There is no ö in font cmr9!
Missing character: There is no ‰ in font cmr9!
Missing character: There is no ∏ in font cmr9!
Missing character: There is no ª in font cmr9!
Missing character: There is no È in font cmr9!
Missing character: There is no ¢ in font cmr9!
Missing character: There is no ò in font cmr9!
Missing character: There is no Ë in font cmr9!
Missing character: There is no Ø in font cmr9!
Missing character: There is no ç in font cmr9!
Missing character: There is no Ë in font cmr9!
Missing character: There is no ° in font cmr9!
Missing character: There is no ® in font cmr9!
Missing character: There is no Ê in font cmr9!
Missing character: There is no è in font cmr9!
Missing character: There is no ê in font cmr9!
Missing character: There is no ‰ in font cmr9!
Missing character: There is no æ in font cmr9!
Missing character: There is no õ in font cmr9!
Missing character: There is no Á in font cmr9!
Missing character: There is no ö in font cmr9!
Missing character: There is no Ñ in font cmr9!
Missing character: There is no Ë in font cmr9!
Missing character: There is no ß in font cmr9!
Missing character: There is no Ñ in font cmr9!
Missing character: There is no Ë in font cmr9!
Missing character: There is no å in font cmr9!
Missing character: There is no É in font cmr9!
Missing character: There is no Ë in font cmr9!
Missing character: There is no Ø in font cmr9!
Missing character: There is no ç in font cmr9!
Missing character: There is no „ in font cmr9!
Missing character: There is no Ä in font cmr9!
Missing character: There is no Ç in font cmr9!
Missing character: There is no Â in font cmr9!
Missing character: There is no ú in font cmr9!
Missing character: There is no ® in font cmr9!
Missing character: There is no Ê in font cmr9!
Missing character: There is no ë in font cmr9!
Missing character: There is no ò in font cmr9!
Missing character: There is no Ë in font cmr9!
Missing character: There is no ¶ in font cmr9!
Missing character: There is no Å in font cmr9!
Missing character: There is no ‰ in font cmr9!
Missing character: There is no ∏ in font cmr9!
Missing character: There is no ã in font cmr9!
Missing character: There is no Ê in font cmr9!
Missing character: There is no ñ in font cmr9!
Missing character: There is no π in font cmr9!
Missing character: There is no Â in font cmr9!
Missing character: There is no è in font cmr9!
Missing character: There is no ¶ in font cmr9!
Missing character: There is no Ë in font cmr9!
Missing character: There is no µ in font cmr9!
Missing character: There is no ∑ in font cmr9!
Missing character: There is no ‰ in font cmr9!
Missing character: There is no ∏ in font cmr9!
Missing character: There is no Ä in font cmr9!
Missing character: There is no Ë in font cmr9!
Missing character: There is no ° in font cmr9!
Missing character: There is no å in font cmr9!
Missing character: There is no Ê in font cmr9!
Missing character: There is no ≥ in font cmr9!
Missing character: There is no ® in font cmr9!
Missing character: There is no Ê in font cmr9!
Missing character: There is no ò in font cmr9!
Missing character: There is no é in font cmr9!
Missing character: There is no Ô in font cmr9!
Missing character: There is no º in font cmr9!
Missing character: There is no å in font cmr9!
Missing character: There is no ‰ in font cmr9!
Missing character: There is no ∏ in font cmr9!
Missing character: There is no Ä in font cmr9!
Missing character: There is no Ë in font cmr9!
Missing character: There is no à in font cmr9!
Missing character: There is no ¨ in font cmr9!
Missing character: There is no Ô in font cmr9!
Missing character: There is no Ω in font cmr9!
Missing character: There is no û in font cmr9!
Missing character: There is no ‰ in font cmr9!
Missing character: There is no ∏ in font cmr9!
Missing character: There is no ™ in font cmr9!
Missing character: There is no Ô in font cmr9!
Missing character: There is no º in font cmr9!
Missing character: There is no å in font cmr9!
Missing character: There is no ‰ in font cmr9!
Missing character: There is no π in font cmr9!
Missing character: There is no ã in font cmr9!
Missing character: There is no È in font cmr9!
Missing character: There is no ó in font cmr9!
Missing character: There is no ¥ in font cmr9!
Missing character: There is no Á in font cmr9!
Missing character: There is no î in font cmr9!
Missing character: There is no ® in font cmr9!
Missing character: There is no Á in font cmr9!
Missing character: There is no © in font cmr9!
Missing character: There is no ∫ in font cmr9!
Missing character: There is no Ê in font cmr9!
Missing character: There is no † in font cmr9!
Missing character: There is no º in font cmr9!
Missing character: There is no Â in font cmr9!
Missing character: There is no à in font cmr9!
Missing character: There is no Ü in font cmr9!
Missing character: There is no Â in font cmr9!
Missing character: There is no º in font cmr9!
Missing character: There is no Ä in font cmr9!
Missing character: There is no „ in font cmr9!
Missing character: There is no Ä in font cmr9!
Missing character: There is no Ç in font cmr9!
Missing character: There is no ‰ in font cmr9!
Missing character: There is no ∏ in font cmr9!
Missing character: There is no ∫ in font cmr9!
Missing character: There is no ‰ in font cmr9!
Missing character: There is no æ in font cmr9!
Missing character: There is no ø in font cmr9!
Missing character: There is no ‰ in font cmr9!
Missing character: There is no ∫ in font cmr9!
Missing character: There is no é in font cmr9!
Missing character: There is no Â in font cmr9!
Missing character: There is no õ in font cmr9!
Missing character: There is no Ω in font cmr9!
Missing character: There is no È in font cmr9!
Missing character: There is no ô in font cmr9!
Missing character: There is no Ö in font cmr9!
Missing character: There is no ‰ in font cmr9!
Missing character: There is no ∫ in font cmr9!
Missing character: There is no § in font cmr9!
Missing character: There is no Ê in font cmr9!
Missing character: There is no µ in font cmr9!
Missing character: There is no Å in font cmr9!
Missing character: There is no Ô in font cmr9!
Missing character: There is no º in font cmr9!
Missing character: There is no å in font cmr9!
Missing character: There is no Â in font cmr9!
Missing character: There is no ∫ in font cmr9!
Missing character: There is no î in font cmr9!
Missing character: There is no Ê in font cmr9!
Missing character: There is no † in font cmr9!
Missing character: There is no á in font cmr9!
Missing character: There is no Ê in font cmr9!
Missing character: There is no ≥ in font cmr9!
Missing character: There is no ® in font cmr9!
Missing character: There is no ‰ in font cmr9!
Missing character: There is no ∏ in font cmr9!
Missing character: There is no é in font cmr9!
Missing character: There is no ‰ in font cmr9!
Missing character: There is no ∏ in font cmr9!
Missing character: There is no ≠ in font cmr9!
Missing character: There is no Ê in font cmr9!
Missing character: There is no ñ in font cmr9!
Missing character: There is no á in font cmr9!
Missing character: There is no Â in font cmr9!
Missing character: There is no Ø in font cmr9!
Missing character: There is no π in font cmr9!
Missing character: There is no Â in font cmr9!
Missing character: There is no ∫ in font cmr9!
Missing character: There is no î in font cmr9!
Missing character: There is no Á in font cmr9!
Missing character: There is no ö in font cmr9!
Missing character: There is no Ñ in font cmr9!
Missing character: There is no Ë in font cmr9!
Missing character: There is no ã in font cmr9!
Missing character: There is no ± in font cmr9!
Missing character: There is no Ê in font cmr9!
Missing character: There is no ñ in font cmr9!
Missing character: There is no á in font cmr9!
Missing character: There is no Â in font cmr9!
Missing character: There is no Ö in font cmr9!
Missing character: There is no ≥ in font cmr9!
Missing character: There is no È in font cmr9!
Missing character: There is no î in font cmr9!
Missing character: There is no Æ in font cmr9!
Missing character: There is no Ë in font cmr9!
Missing character: There is no Ø in font cmr9!
Missing character: There is no ç in font cmr9!
Missing character: There is no „ in font cmr9!
Missing character: There is no Ä in font cmr9!
Missing character: There is no Ç in font cmr9!

! Undefined control sequence.
l.35 	\keywords
               {\TeX{\quad{ \LaTeX{\quad{ \XeLaTeX{\quad{ Ê®°Êùø \quad{ ËÆ∫Êñá}

? 
! Emergency stop.
l.35 	\keywords
               {\TeX{\quad{ \LaTeX{\quad{ \XeLaTeX{\quad{ Ê®°Êùø \quad{ ËÆ∫Êñá}
End of file on the terminal!

 
Here is how much of TeX's memory you used:
 218 strings out of 49822
 2380 string characters out of 428607
 48765 words of memory out of 1100000
 3489 multiletter control sequences out of 15000+15000
 4502 words of font info for 17 fonts, out of 400000 for 9000
 198 hyphenation exceptions out of 8191
 23i,1n,19p,155b,254s stack positions out of 1500i,500n,1500p,200000b,5000s
No pages of output.
