2:11=[11];
time used is  0  minutes
3:111=[3, 37];
time used is  0  minutes
4:101=[101];
time used is  0  minutes
5:11111=[41, 271];
time used is  0  minutes
6:91=[7, 13];
time used is  0  minutes
7:1111111=[239, 4649];
time used is  0  minutes
8:10001=[73, 137];
time used is  0  minutes
9:1001001=[3, 333667];
time used is  0  minutes
10:9091=[9091L];
time used is  0  minutes
11:11111111111=[21649, 513239L];
time used is  0  minutes
12:9901=[9901L];
time used is  0  minutes
13:1111111111111=[53, 79, 265371653L];
time used is  0  minutes
14:909091=[909091L];
time used is  0  minutes
15:90090991=[31, 2906161];
time used is  0  minutes
16:100000001=[17, 5882353];
time used is  0  minutes
17:11111111111111111=[2071723, 5363222357L];
time used is  0  minutes
18:999001=[19, 52579];
time used is  0  minutes
19:1111111111111111111=[1111111111111111111L];
time used is  0  minutes
20:99009901=[3541, 27961];
time used is  0  minutes
21:900900990991=[43, 1933, 10838689];
time used is  0  minutes
22:9090909091=[11L, 23, 4093, 8779];
time used is  0  minutes
23:11111111111111111111111=[11111111111111111111111L];
time used is  12  minutes
24:99990001=[99990001L];
time used is  0  minutes
25:100001000010000100001=[21401, 25601, 182521213001L];
time used is  21  minutes
26:909090909091=[859, 1058313049L];
time used is  0  minutes

